#
# There is insufficient memory for the Java Runtime Environment to continue.
# Native memory allocation (mmap) failed to map 100663296 bytes for G1 virtual space
# Possible reasons:
#   The system is out of physical RAM or swap space
#   The process is running with CompressedOops enabled, and the Java Heap may be blocking the growth of the native heap
# Possible solutions:
#   Reduce memory load on the system
#   Increase physical memory or swap space
#   Check if swap backing store is full
#   Decrease Java heap size (-Xmx/-Xms)
#   Decrease number of Java threads
#   Decrease Java thread stack sizes (-Xss)
#   Set larger code cache with -XX:ReservedCodeCacheSize=
#   JVM is running with Unscaled Compressed Oops mode in which the Java heap is
#     placed in the first 4GB address space. The Java Heap base address is the
#     maximum limit for the native heap growth. Please use -XX:HeapBaseMinAddress
#     to set the Java Heap base and to place the Java Heap above 4GB virtual address.
# This output file may be truncated or incomplete.
#
#  Out of Memory Error (os_windows.cpp:3550), pid=17448, tid=1944
#
# JRE version:  (17.0.8+9) (build )
# Java VM: Java HotSpot(TM) 64-Bit Server VM (17.0.8+9-LTS-211, mixed mode, sharing, tiered, compressed oops, compressed class ptrs, g1 gc, windows-amd64)
# No core dump will be written. Minidumps are not enabled by default on client versions of Windows
#

---------------  S U M M A R Y ------------

Command Line: -Dclassworlds.conf=C:\apache-maven-3.9.4\bin\m2.conf -Dmaven.home=C:\apache-maven-3.9.4 -Dlibrary.jansi.path=C:\apache-maven-3.9.4\lib\jansi-native -Dmaven.multiModuleProjectDirectory=D:\works\lectures\longoka-games\backend-java org.codehaus.plexus.classworlds.launcher.Launcher exec:java -Dexec.mainClass=com.longoka.games.app.TestLexikongoVerbs

Host: AMD Ryzen 5 3500U with Radeon Vega Mobile Gfx  , 8 cores, 5G,  Windows 11 , 64 bit Build 26100 (10.0.26100.7309)
Time: Wed Dec 10 22:50:42 2025 Paris, Madrid elapsed time: 1.086974 seconds (0d 0h 0m 1s)

---------------  T H R E A D  ---------------

Current thread (0x00000129ad685570):  JavaThread "Unknown thread" [_thread_in_vm, id=1944, stack(0x0000001f07700000,0x0000001f07800000)]

Stack: [0x0000001f07700000,0x0000001f07800000]
Native frames: (J=compiled Java code, j=interpreted, Vv=VM code, C=native code)
V  [jvm.dll+0x677d0a]
V  [jvm.dll+0x7d8c54]
V  [jvm.dll+0x7da3fe]
V  [jvm.dll+0x7daa63]
V  [jvm.dll+0x245c5f]
V  [jvm.dll+0x674bb9]
V  [jvm.dll+0x6694f2]
V  [jvm.dll+0x3031d6]
V  [jvm.dll+0x30a756]
V  [jvm.dll+0x359f9e]
V  [jvm.dll+0x35a1cf]
V  [jvm.dll+0x2da3e8]
V  [jvm.dll+0x2db354]
V  [jvm.dll+0x7aa711]
V  [jvm.dll+0x367b51]
V  [jvm.dll+0x789979]
V  [jvm.dll+0x3eb05f]
V  [jvm.dll+0x3ecae1]
C  [jli.dll+0x5297]
C  [ucrtbase.dll+0x37b0]
C  [KERNEL32.DLL+0x2e8d7]
C  [ntdll.dll+0x8c53c]


---------------  P R O C E S S  ---------------

Threads class SMR info:
_java_thread_list=0x00007ff8add859d8, length=0, elements={
}

Java Threads: ( => current thread )

Other Threads:
  0x00000129ad6d1c60 GCTaskThread "GC Thread#0" [stack: 0x0000001f07800000,0x0000001f07900000] [id=14580]
  0x00000129ad6df6f0 ConcurrentGCThread "G1 Main Marker" [stack: 0x0000001f07900000,0x0000001f07a00000] [id=15752]
  0x00000129ad6e18b0 ConcurrentGCThread "G1 Conc#0" [stack: 0x0000001f07a00000,0x0000001f07b00000] [id=17312]

[error occurred during error reporting (printing all threads), id 0xc0000005, EXCEPTION_ACCESS_VIOLATION (0xc0000005) at pc=0x00007ff8ad5bb047]

VM state: not at safepoint (not fully initialized)

VM Mutex/Monitor currently owned by a thread:  ([mutex/lock_event])
[0x00000129ad6801e0] Heap_lock - owner thread: 0x00000129ad685570

Heap address: 0x00000000a0c00000, size: 1524 MB, Compressed Oops mode: 32-bit

CDS archive(s) mapped at: [0x0000000000000000-0x0000000000000000-0x0000000000000000), size 0, SharedBaseAddress: 0x0000000800000000, ArchiveRelocationMode: 1.
Narrow klass base: 0x0000000000000000, Narrow klass shift: 0, Narrow klass range: 0x0

GC Precious Log:
<Empty>

Heap:
 garbage-first heap   total 0K, used 0K [0x00000000a0c00000, 0x0000000100000000)
  region size 1024K, 0 young (0K), 0 survivors (0K)

[error occurred during error reporting (printing heap information), id 0xc0000005, EXCEPTION_ACCESS_VIOLATION (0xc0000005) at pc=0x00007ff8ad9a1499]

GC Heap History (0 events):
No events

Deoptimization events (0 events):
No events

Classes unloaded (0 events):
No events

Classes redefined (0 events):
No events

Internal exceptions (0 events):
No events

VM Operations (0 events):
No events

Events (1 events):
Event: 0.015 Loaded shared library C:\jdk-17.0.8\bin\java.dll


Dynamic libraries:
0x00007ff6a3830000 - 0x00007ff6a3840000 	C:\jdk-17.0.8\bin\java.exe
0x00007ff942b20000 - 0x00007ff942d87000 	C:\WINDOWS\SYSTEM32\ntdll.dll
0x00007ff941c30000 - 0x00007ff941cf9000 	C:\WINDOWS\System32\KERNEL32.DLL
0x00007ff940010000 - 0x00007ff9403ff000 	C:\WINDOWS\System32\KERNELBASE.dll
0x00007ff940410000 - 0x00007ff94055b000 	C:\WINDOWS\System32\ucrtbase.dll
0x00007ff91a330000 - 0x00007ff91a349000 	C:\jdk-17.0.8\bin\jli.dll
0x00007ff91a310000 - 0x00007ff91a32b000 	C:\jdk-17.0.8\bin\VCRUNTIME140.dll
0x00007ff941f30000 - 0x00007ff941fe4000 	C:\WINDOWS\System32\ADVAPI32.dll
0x00007ff942a20000 - 0x00007ff942ac9000 	C:\WINDOWS\System32\msvcrt.dll
0x00007ff942130000 - 0x00007ff9421d6000 	C:\WINDOWS\System32\sechost.dll
0x00007ff942480000 - 0x00007ff942598000 	C:\WINDOWS\System32\RPCRT4.dll
0x00007ff9425a0000 - 0x00007ff942765000 	C:\WINDOWS\System32\USER32.dll
0x00007ff93ffe0000 - 0x00007ff940007000 	C:\WINDOWS\System32\win32u.dll
0x00007ff942230000 - 0x00007ff94225b000 	C:\WINDOWS\System32\GDI32.dll
0x00007ff940560000 - 0x00007ff94068c000 	C:\WINDOWS\System32\gdi32full.dll
0x00007ff92d660000 - 0x00007ff92d8f3000 	C:\WINDOWS\WinSxS\amd64_microsoft.windows.common-controls_6595b64144ccf1df_6.0.26100.7309_none_3e05feeae336a044\COMCTL32.dll
0x00007ff93ff30000 - 0x00007ff93ffd3000 	C:\WINDOWS\System32\msvcp_win.dll
0x00007ff937ff0000 - 0x00007ff937ffb000 	C:\WINDOWS\SYSTEM32\VERSION.dll
0x00007ff941bf0000 - 0x00007ff941c21000 	C:\WINDOWS\System32\IMM32.DLL
0x00007ff91bbe0000 - 0x00007ff91bbec000 	C:\jdk-17.0.8\bin\vcruntime140_1.dll
0x00007ff8f0360000 - 0x00007ff8f03ee000 	C:\jdk-17.0.8\bin\msvcp140.dll
0x00007ff8ad2d0000 - 0x00007ff8adeae000 	C:\jdk-17.0.8\bin\server\jvm.dll
0x00007ff942ad0000 - 0x00007ff942ad8000 	C:\WINDOWS\System32\PSAPI.DLL
0x00007ff91a300000 - 0x00007ff91a30a000 	C:\WINDOWS\SYSTEM32\WSOCK32.dll
0x00007ff937fb0000 - 0x00007ff937fe5000 	C:\WINDOWS\SYSTEM32\WINMM.dll
0x00007ff942260000 - 0x00007ff9422d4000 	C:\WINDOWS\System32\WS2_32.dll
0x00007ff93ea20000 - 0x00007ff93ea3b000 	C:\WINDOWS\SYSTEM32\kernel.appcore.dll
0x00007ff91a2f0000 - 0x00007ff91a2fa000 	C:\jdk-17.0.8\bin\jimage.dll
0x00007ff934d00000 - 0x00007ff934f42000 	C:\WINDOWS\SYSTEM32\DBGHELP.DLL
0x00007ff9409c0000 - 0x00007ff940d46000 	C:\WINDOWS\System32\combase.dll
0x00007ff942050000 - 0x00007ff942126000 	C:\WINDOWS\System32\OLEAUT32.dll
0x00007ff92d3d0000 - 0x00007ff92d40c000 	C:\WINDOWS\SYSTEM32\dbgcore.DLL
0x00007ff93fdf0000 - 0x00007ff93fe95000 	C:\WINDOWS\System32\bcryptPrimitives.dll
0x00007ff8fd660000 - 0x00007ff8fd685000 	C:\jdk-17.0.8\bin\java.dll

dbghelp: loaded successfully - version: 4.0.5 - missing functions: none
symbol engine: initialized successfully - sym options: 0x614 - pdb path: .;C:\jdk-17.0.8\bin;C:\WINDOWS\SYSTEM32;C:\WINDOWS\WinSxS\amd64_microsoft.windows.common-controls_6595b64144ccf1df_6.0.26100.7309_none_3e05feeae336a044;C:\jdk-17.0.8\bin\server

VM Arguments:
jvm_args: -Dclassworlds.conf=C:\apache-maven-3.9.4\bin\m2.conf -Dmaven.home=C:\apache-maven-3.9.4 -Dlibrary.jansi.path=C:\apache-maven-3.9.4\lib\jansi-native -Dmaven.multiModuleProjectDirectory=D:\works\lectures\longoka-games\backend-java 
java_command: org.codehaus.plexus.classworlds.launcher.Launcher exec:java -Dexec.mainClass=com.longoka.games.app.TestLexikongoVerbs
java_class_path (initial): C:\apache-maven-3.9.4\boot\plexus-classworlds-2.7.0.jar
Launcher Type: SUN_STANDARD

[Global flags]
     intx CICompilerCount                          = 4                                         {product} {ergonomic}
     uint ConcGCThreads                            = 2                                         {product} {ergonomic}
     uint G1ConcRefinementThreads                  = 8                                         {product} {ergonomic}
   size_t G1HeapRegionSize                         = 1048576                                   {product} {ergonomic}
    uintx GCDrainStackTargetSize                   = 64                                        {product} {ergonomic}
   size_t InitialHeapSize                          = 100663296                                 {product} {ergonomic}
   size_t MarkStackSize                            = 4194304                                   {product} {ergonomic}
   size_t MaxHeapSize                              = 1598029824                                {product} {ergonomic}
   size_t MinHeapDeltaBytes                        = 1048576                                   {product} {ergonomic}
   size_t MinHeapSize                              = 8388608                                   {product} {ergonomic}
    uintx NonNMethodCodeHeapSize                   = 5839372                                {pd product} {ergonomic}
    uintx NonProfiledCodeHeapSize                  = 122909434                              {pd product} {ergonomic}
    uintx ProfiledCodeHeapSize                     = 122909434                              {pd product} {ergonomic}
    uintx ReservedCodeCacheSize                    = 251658240                              {pd product} {ergonomic}
     bool SegmentedCodeCache                       = true                                      {product} {ergonomic}
   size_t SoftMaxHeapSize                          = 1598029824                             {manageable} {ergonomic}
     bool UseCompressedClassPointers               = true                           {product lp64_product} {ergonomic}
     bool UseCompressedOops                        = true                           {product lp64_product} {ergonomic}
     bool UseG1GC                                  = true                                      {product} {ergonomic}
     bool UseLargePagesIndividualAllocation        = false                                  {pd product} {ergonomic}

Logging:
Log output configuration:
 #0: stdout all=warning uptime,level,tags
 #1: stderr all=off uptime,level,tags

Environment Variables:
JAVA_HOME=C:\jdk-17.0.8
PATH=C:\msys64\mingw64\bin;C:\msys64\mingw64;C:\Apache24\bin;C:\mysql-8.0.33\bin;C:\php-8.2.5;C:\composer;C:\7-Zip;C:\Windows\Microsoft.NET\Framework64\v4.0.30319;C:\Program Files\Microsoft Visual Studio\2022\Community\Common7\Tools;C:\Program Files\dotnet\;C:\Program Files\PostgreSQL\16\bin;C:\apache-tomcat\apache-tomcat\bin;C:\javaee8\glassfish5\glassfish\bin;C:\apache-maven-3.9.4\bin;C:\Windows\System32;C:\jdk-17.0.8\bin;C:\Java3D\1.5.1\bin;C:\msys64\ucrt64\bin;C:\Program Files (x86)\freeglut-3.4.0\freeglut-3.4.0\bin;C:\Program Files (x86)\freeglut-3.4.0\freeglut-3.4.0\lib;C:\Program Files (x86)\dotnet\;C:\Program Files\Microsoft SQL Server\150\Tools\Binn\;C:\Users\shaka\AppData\Roaming\nvm;C:\nvm4w\nodejs;C:\Program Files\Redis\;C:\WINDOWS\system32;C:\WINDOWS;C:\WINDOWS\System32\Wbem;C:\WINDOWS\System32\WindowsPowerShell\v1.0\;C:\WINDOWS\System32\OpenSSH\;C:\msys64\mingw64\bin;C:\msys64\mingw64;C:\Apache24\bin;C:\mysql-8.0.33\bin;C:\php-8.2.5;C:\composer;C:\7-Zip;C:\Windows\Microsoft.NET\Framework64\v4.0.30319;C:\Program Files\Microsoft Visual Studio\2022\Community\Common7\Tools;C:\Program Files\dotnet\;C:\Program Files\PostgreSQL\16\bin;C:\apache-tomcat\apache-tomcat\bin;C:\javaee8\glassfish5\glassfish\bin;C:\apache-maven-3.9.4\bin;C:\Windows\System32;C:\jdk-17.0.8\bin;C:\Java3D\1.5.1\bin;C:\msys64\ucrt64\bin;C:\Program Files (x86)\freeglut-3.4.0\freeglut-3.4.0\bin;C:\Program Files (x86)\freeglut-3.4.0\freeglut-3.4.0\lib;C:\Program Files (x86)\dotnet\;C:\Program Files\Microsoft SQL Server\150\Tools\Binn\;C:\Users\shaka\AppData\Roaming\nvm;C:\nvm4w\nodejs;C:\Program Files\Redis\;C:\WINDOWS\system32;C:\WINDOWS;C:\WINDOWS\System32\Wbem;C:\WINDOWS\System32\WindowsPowerShell\v1.0\;C:\WINDOWS\System32\OpenSSH\;C:\Users\shaka\AppData\Local\Programs\Python\Python312\Scripts\;C:\Users\shaka\AppData\Local\Programs\Python\Python312\;C:\Users\shaka\scoop\shims;C:\Users\shaka\AppData\Local\Microsoft\WindowsApps;C:\Users\shaka\AppData\Local\Programs\Microsoft VS Code\bin;C:\Use
USERNAME=shaka
OS=Windows_NT
PROCESSOR_IDENTIFIER=AMD64 Family 23 Model 24 Stepping 1, AuthenticAMD



---------------  S Y S T E M  ---------------

OS:
 Windows 11 , 64 bit Build 26100 (10.0.26100.7309)
OS uptime: 0 days 13:44 hours

CPU: total 8 (initial active 8) (8 cores per cpu, 2 threads per core) family 23 model 24 stepping 1 microcode 0x8108109, cx8, cmov, fxsr, ht, mmx, 3dnowpref, sse, sse2, sse3, ssse3, sse4a, sse4.1, sse4.2, popcnt, lzcnt, tsc, tscinvbit, avx, avx2, aes, clmul, bmi1, bmi2, adx, sha, fma, vzeroupper, clflush, clflushopt

Memory: 4k page, system-wide physical 6091M (509M free)
TotalPageFile size 15307M (AvailPageFile size 45M)
current process WorkingSet (physical memory assigned to process): 12M, peak: 12M
current process commit charge ("private bytes"): 60M, peak: 156M

vm_info: Java HotSpot(TM) 64-Bit Server VM (17.0.8+9-LTS-211) for windows-amd64 JRE (17.0.8+9-LTS-211), built on Jun 14 2023 10:34:31 by "mach5one" with MS VC++ 17.1 (VS2022)

END.
